#
# There is insufficient memory for the Java Runtime Environment to continue.
# Native memory allocation (malloc) failed to allocate 32744 bytes for ChunkPool::allocate
# Possible reasons:
#   The system is out of physical RAM or swap space
#   In 32 bit mode, the process size limit was hit
# Possible solutions:
#   Reduce memory load on the system
#   Increase physical memory or swap space
#   Check if swap backing store is full
#   Use 64 bit Java on a 64 bit OS
#   Decrease Java heap size (-Xmx/-Xms)
#   Decrease number of Java threads
#   Decrease Java thread stack sizes (-Xss)
#   Set larger code cache with -XX:ReservedCodeCacheSize=
# This output file may be truncated or incomplete.
#
#  Out of Memory Error (allocation.cpp:273), pid=14168, tid=11776
#
# JRE version: Java(TM) SE Runtime Environment (8.0_66-b17) (build 1.8.0_66-b17)
# Java VM: Java HotSpot(TM) 64-Bit Server VM (25.66-b17 mixed mode windows-amd64 compressed oops)
# Failed to write core dump. Minidumps are not enabled by default on client versions of Windows
#

---------------  T H R E A D  ---------------

Current thread (0x0000000017bb8800):  JavaThread "C2 CompilerThread0" daemon [_thread_in_native, id=11776, stack(0x0000000018130000,0x0000000018230000)]

Stack: [0x0000000018130000,0x0000000018230000]
[error occurred during error reporting (printing stack bounds), id 0xc0000005]

Native frames: (J=compiled Java code, j=interpreted, Vv=VM code, C=native code)


Current CompileTask:
C2:   3502 1670   !   4       com.android.dx.cf.code.Ropper::processBlock (1101 bytes)


---------------  P R O C E S S  ---------------

Java Threads: ( => current thread )
  0x0000000017e6d000 JavaThread "pool-1-thread-4" [_thread_blocked, id=18380, stack(0x0000000019330000,0x0000000019430000)]
  0x0000000017e6c000 JavaThread "pool-1-thread-3" [_thread_blocked, id=23812, stack(0x0000000019230000,0x0000000019330000)]
  0x0000000017e66000 JavaThread "pool-1-thread-2" [_thread_in_Java, id=29568, stack(0x0000000019130000,0x0000000019230000)]
  0x0000000017f0b800 JavaThread "pool-2-thread-1" [_thread_blocked, id=21320, stack(0x0000000019030000,0x0000000019130000)]
  0x0000000017f09000 JavaThread "pool-1-thread-1" [_thread_in_Java, id=22052, stack(0x0000000018f30000,0x0000000019030000)]
  0x0000000017c6a800 JavaThread "Service Thread" daemon [_thread_blocked, id=29180, stack(0x0000000018530000,0x0000000018630000)]
  0x0000000017bd1000 JavaThread "C1 CompilerThread3" daemon [_thread_in_native, id=22960, stack(0x0000000018430000,0x0000000018530000)]
  0x0000000017bc0000 JavaThread "C2 CompilerThread2" daemon [_thread_in_native, id=16504, stack(0x0000000018330000,0x0000000018430000)]
  0x0000000017bbc000 JavaThread "C2 CompilerThread1" daemon [_thread_in_native, id=6216, stack(0x0000000018230000,0x0000000018330000)]
=>0x0000000017bb8800 JavaThread "C2 CompilerThread0" daemon [_thread_in_native, id=11776, stack(0x0000000018130000,0x0000000018230000)]
  0x0000000017bb2800 JavaThread "Attach Listener" daemon [_thread_blocked, id=12260, stack(0x0000000018030000,0x0000000018130000)]
  0x0000000017b67800 JavaThread "Signal Dispatcher" daemon [_thread_blocked, id=16776, stack(0x0000000017f30000,0x0000000018030000)]
  0x0000000003049800 JavaThread "Finalizer" daemon [_thread_blocked, id=32844, stack(0x0000000017a30000,0x0000000017b30000)]
  0x0000000003043000 JavaThread "Reference Handler" daemon [_thread_blocked, id=7692, stack(0x0000000017930000,0x0000000017a30000)]
  0x000000000126e000 JavaThread "main" [_thread_blocked, id=9884, stack(0x0000000002a50000,0x0000000002b50000)]

Other Threads:
  0x0000000015b69800 VMThread [stack: 0x0000000017830000,0x0000000017930000] [id=18748]
  0x0000000017cc6800 WatcherThread [stack: 0x0000000018630000,0x0000000018730000] [id=35896]

VM state:not at safepoint (normal execution)

VM Mutex/Monitor currently owned by a thread: None

Heap:
 PSYoungGen      total 71680K, used 13627K [0x00000000eab00000, 0x00000000ef600000, 0x0000000100000000)
  eden space 66560K, 12% used [0x00000000eab00000,0x00000000eb3530f0,0x00000000eec00000)
  from space 5120K, 99% used [0x00000000ef100000,0x00000000ef5fbc98,0x00000000ef600000)
  to   space 5120K, 0% used [0x00000000eec00000,0x00000000eec00000,0x00000000ef100000)
 ParOldGen       total 87552K, used 4794K [0x00000000c0000000, 0x00000000c5580000, 0x00000000eab00000)
  object space 87552K, 5% used [0x00000000c0000000,0x00000000c04ae840,0x00000000c5580000)
 Metaspace       used 6283K, capacity 7092K, committed 7296K, reserved 1056768K
  class space    used 604K, capacity 620K, committed 640K, reserved 1048576K

Card table byte_map: [0x0000000012410000,0x0000000012620000] byte_map_base: 0x0000000011e10000

Marking Bits: (ParMarkBitMap*) 0x000000007703a5b0
 Begin Bits: [0x0000000012f80000, 0x0000000013f80000)
 End Bits:   [0x0000000013f80000, 0x0000000014f80000)

Polling page: 0x0000000001250000

CodeCache: size=245760Kb used=7057Kb max_used=7057Kb free=238702Kb
 bounds [0x0000000003050000, 0x0000000003740000, 0x0000000012050000]
 total_blobs=1936 nmethods=1664 adapters=184
 compilation: enabled

Compilation events (10 events):
Event: 3.401 Thread 0x0000000017bd1000 nmethod 1666 0x0000000003727390 code [0x00000000037275a0, 0x00000000037280d8]
Event: 3.409 Thread 0x0000000017bd1000 1667  s    3       com.android.dx.dex.file.TypeIdsSection::intern (60 bytes)
Event: 3.410 Thread 0x0000000017bd1000 nmethod 1667 0x0000000003736310 code [0x0000000003736520, 0x00000000037371c8]
Event: 3.475 Thread 0x0000000017bd1000 1668       3       java.util.Collections::unmodifiableCollection (9 bytes)
Event: 3.475 Thread 0x0000000017bd1000 nmethod 1668 0x0000000003733590 code [0x0000000003733720, 0x0000000003733a68]
Event: 3.475 Thread 0x0000000017bd1000 1669       3       com.android.dx.cf.code.LocalVariableList$Item::matchesAllButType (53 bytes)
Event: 3.475 Thread 0x0000000017bb8800 1670   !   4       com.android.dx.cf.code.Ropper::processBlock (1101 bytes)
Event: 3.476 Thread 0x0000000017bd1000 nmethod 1669 0x0000000003737850 code [0x00000000037379e0, 0x0000000003737f48]
Event: 3.499 Thread 0x0000000017bd1000 1671       3       com.android.dx.dex.file.ValueEncoder::addContents (75 bytes)
Event: 3.500 Thread 0x0000000017bbc000 1672       4       java.util.HashMap::putVal (300 bytes)

GC Heap History (4 events):
Event: 0.986 GC heap before
{Heap before GC invocations=1 (full 0):
 PSYoungGen      total 38400K, used 33280K [0x00000000eab00000, 0x00000000ed580000, 0x0000000100000000)
  eden space 33280K, 100% used [0x00000000eab00000,0x00000000ecb80000,0x00000000ecb80000)
  from space 5120K, 0% used [0x00000000ed080000,0x00000000ed080000,0x00000000ed580000)
  to   space 5120K, 0% used [0x00000000ecb80000,0x00000000ecb80000,0x00000000ed080000)
 ParOldGen       total 87552K, used 0K [0x00000000c0000000, 0x00000000c5580000, 0x00000000eab00000)
  object space 87552K, 0% used [0x00000000c0000000,0x00000000c0000000,0x00000000c5580000)
 Metaspace       used 5917K, capacity 6836K, committed 7040K, reserved 1056768K
  class space    used 600K, capacity 620K, committed 640K, reserved 1048576K
Event: 1.278 GC heap after
Heap after GC invocations=1 (full 0):
 PSYoungGen      total 38400K, used 5105K [0x00000000eab00000, 0x00000000ef600000, 0x0000000100000000)
  eden space 33280K, 0% used [0x00000000eab00000,0x00000000eab00000,0x00000000ecb80000)
  from space 5120K, 99% used [0x00000000ecb80000,0x00000000ed07c458,0x00000000ed080000)
  to   space 5120K, 0% used [0x00000000ef100000,0x00000000ef100000,0x00000000ef600000)
 ParOldGen       total 87552K, used 862K [0x00000000c0000000, 0x00000000c5580000, 0x00000000eab00000)
  object space 87552K, 0% used [0x00000000c0000000,0x00000000c00d7808,0x00000000c5580000)
 Metaspace       used 5917K, capacity 6836K, committed 7040K, reserved 1056768K
  class space    used 600K, capacity 620K, committed 640K, reserved 1048576K
}
Event: 2.678 GC heap before
{Heap before GC invocations=2 (full 0):
 PSYoungGen      total 38400K, used 38385K [0x00000000eab00000, 0x00000000ef600000, 0x0000000100000000)
  eden space 33280K, 100% used [0x00000000eab00000,0x00000000ecb80000,0x00000000ecb80000)
  from space 5120K, 99% used [0x00000000ecb80000,0x00000000ed07c458,0x00000000ed080000)
  to   space 5120K, 0% used [0x00000000ef100000,0x00000000ef100000,0x00000000ef600000)
 ParOldGen       total 87552K, used 862K [0x00000000c0000000, 0x00000000c5580000, 0x00000000eab00000)
  object space 87552K, 0% used [0x00000000c0000000,0x00000000c00d7808,0x00000000c5580000)
 Metaspace       used 6252K, capacity 7092K, committed 7296K, reserved 1056768K
  class space    used 604K, capacity 620K, committed 640K, reserved 1048576K
Event: 2.822 GC heap after
Heap after GC invocations=2 (full 0):
 PSYoungGen      total 71680K, used 5103K [0x00000000eab00000, 0x00000000ef600000, 0x0000000100000000)
  eden space 66560K, 0% used [0x00000000eab00000,0x00000000eab00000,0x00000000eec00000)
  from space 5120K, 99% used [0x00000000ef100000,0x00000000ef5fbc98,0x00000000ef600000)
  to   space 5120K, 0% used [0x00000000eec00000,0x00000000eec00000,0x00000000ef100000)
 ParOldGen       total 87552K, used 4794K [0x00000000c0000000, 0x00000000c5580000, 0x00000000eab00000)
  object space 87552K, 5% used [0x00000000c0000000,0x00000000c04ae840,0x00000000c5580000)
 Metaspace       used 6252K, capacity 7092K, committed 7296K, reserved 1056768K
  class space    used 604K, capacity 620K, committed 640K, reserved 1048576K
}

Deoptimization events (10 events):
Event: 0.627 Thread 0x0000000017e6c000 Uncommon trap: reason=unstable_if action=reinterpret pc=0x0000000003274030 method=java.util.BitSet.nextSetBit(I)I @ 87
Event: 0.629 Thread 0x0000000017e6c000 Uncommon trap: reason=unstable_if action=reinterpret pc=0x00000000032593b0 method=java.util.HashMap.getNode(ILjava/lang/Object;)Ljava/util/HashMap$Node; @ 129
Event: 0.636 Thread 0x0000000017e6c000 Uncommon trap: reason=class_check action=maybe_recompile pc=0x00000000032849b0 method=com.android.dx.ssa.NormalSsaInsn.accept(Lcom/android/dx/ssa/SsaInsn$Visitor;)V @ 9
Event: 0.659 Thread 0x000000000126e000 Uncommon trap: reason=class_check action=maybe_recompile pc=0x00000000032849b0 method=com.android.dx.ssa.NormalSsaInsn.accept(Lcom/android/dx/ssa/SsaInsn$Visitor;)V @ 9
Event: 0.659 Thread 0x000000000126e000 Uncommon trap: reason=class_check action=maybe_recompile pc=0x00000000032849b0 method=com.android.dx.ssa.NormalSsaInsn.accept(Lcom/android/dx/ssa/SsaInsn$Visitor;)V @ 9
Event: 0.659 Thread 0x000000000126e000 Uncommon trap: reason=class_check action=maybe_recompile pc=0x00000000032849b0 method=com.android.dx.ssa.NormalSsaInsn.accept(Lcom/android/dx/ssa/SsaInsn$Visitor;)V @ 9
Event: 0.885 Thread 0x0000000017e66000 Uncommon trap: reason=unstable_if action=reinterpret pc=0x0000000003285380 method=java.util.HashMap.getNode(ILjava/lang/Object;)Ljava/util/HashMap$Node; @ 129
Event: 0.894 Thread 0x0000000017e66000 Uncommon trap: reason=unstable_if action=reinterpret pc=0x000000000339951c method=com.android.dx.rop.cst.Constant.compareTo(Lcom/android/dx/rop/cst/Constant;)I @ 12
Event: 0.911 Thread 0x0000000017e6c000 Uncommon trap: reason=unstable_if action=reinterpret pc=0x00000000033b613c method=com.android.dx.rop.code.LocalItem.hashCode()I @ 25
Event: 2.968 Thread 0x0000000017f09000 Uncommon trap: reason=bimorphic action=maybe_recompile pc=0x000000000356e17c method=com.android.dx.rop.code.RegisterSpec.withSimpleType()Lcom/android/dx/rop/code/RegisterSpec; @ 21

Internal exceptions (2 events):
Event: 0.051 Thread 0x000000000126e000 Exception <a 'java/lang/NoSuchMethodError': Method sun.misc.Unsafe.defineClass(Ljava/lang/String;[BII)Ljava/lang/Class; name or signature does not match> (0x00000000eab130a8) thrown at [C:\re\workspace\8-2-build-windows-amd64-cygwin\jdk8u66\4988\hotspot\sr½Ñdö3ª?
Event: 0.051 Thread 0x000000000126e000 Exception <a 'java/lang/NoSuchMethodError': Method sun.misc.Unsafe.prefetchRead(Ljava/lang/Object;J)V name or signature does not match> (0x00000000eab13390) thrown at [C:\re\workspace\8-2-build-windows-amd64-cygwin\jdk8u66\4988\hotspot\src\share\vm\prims\j

Events (10 events):
Event: 1.461 loading class com/android/dx/dex/file/AnnotationSetRefItem done
Event: 2.101 Executing VM operation: ForceSafepoint
Event: 2.101 Executing VM operation: ForceSafepoint done
Event: 2.677 Executing VM operation: ParallelGCFailedAllocation
Event: 2.822 Executing VM operation: ParallelGCFailedAllocation done
Event: 2.903 loading class com/android/dx/cf/code/SwitchList
Event: 2.903 loading class com/android/dx/cf/code/SwitchList done
Event: 2.968 Thread 0x0000000017f09000 Uncommon trap: trap_request=0xffffffc6 fr.pc=0x000000000356e17c
Event: 2.968 Thread 0x0000000017f09000 DEOPT PACKING pc=0x000000000356e17c sp=0x000000001902e670
Event: 2.968 Thread 0x0000000017f09000 DEOPT UNPACKING pc=0x000000000309582a sp=0x000000001902e5c8 mode 2


Dynamic libraries:
0x00007ff6178b0000 - 0x00007ff6178e7000 	C:\Program Files\Java\jdk1.8.0_66\bin\java.exe
0x00007ffe86e60000 - 0x00007ffe87021000 	C:\WINDOWS\SYSTEM32\ntdll.dll
0x00007ffe85380000 - 0x00007ffe8542d000 	C:\WINDOWS\system32\KERNEL32.DLL
0x00007ffe83f10000 - 0x00007ffe840ed000 	C:\WINDOWS\system32\KERNELBASE.dll
0x00007ffe844a0000 - 0x00007ffe84546000 	C:\WINDOWS\system32\ADVAPI32.dll
0x00007ffe86d50000 - 0x00007ffe86ded000 	C:\WINDOWS\system32\msvcrt.dll
0x00007ffe854d0000 - 0x00007ffe8552b000 	C:\WINDOWS\system32\sechost.dll
0x00007ffe84370000 - 0x00007ffe84496000 	C:\WINDOWS\system32\RPCRT4.dll
0x00007ffe84cb0000 - 0x00007ffe84dfe000 	C:\WINDOWS\system32\USER32.dll
0x00007ffe84ec0000 - 0x00007ffe85046000 	C:\WINDOWS\system32\GDI32.dll
0x00007ffe7f120000 - 0x00007ffe7f394000 	C:\WINDOWS\WinSxS\amd64_microsoft.windows.common-controls_6595b64144ccf1df_6.0.10240.16384_none_f41f7b285750ef43\COMCTL32.dll
0x00007ffe85050000 - 0x00007ffe85086000 	C:\WINDOWS\system32\IMM32.DLL
0x00007ffe84980000 - 0x00007ffe84adc000 	C:\WINDOWS\system32\MSCTF.dll
0x00000000765f0000 - 0x00000000766c2000 	C:\Program Files\Java\jdk1.8.0_66\jre\bin\msvcr100.dll
0x0000000076830000 - 0x00000000770b9000 	C:\Program Files\Java\jdk1.8.0_66\jre\bin\server\jvm.dll
0x00007ffe83ee0000 - 0x00007ffe83f03000 	C:\WINDOWS\system32\WINMM.dll
0x00007ffe836b0000 - 0x00007ffe836dc000 	C:\WINDOWS\system32\WINMMBASE.dll
0x00007ffe84320000 - 0x00007ffe84364000 	C:\WINDOWS\system32\cfgmgr32.dll
0x00007ffe83630000 - 0x00007ffe83657000 	C:\WINDOWS\system32\DEVOBJ.dll
0x00007ffe84e00000 - 0x00007ffe84e08000 	C:\WINDOWS\system32\PSAPI.DLL
0x00007ffe808b0000 - 0x00007ffe808b9000 	C:\WINDOWS\SYSTEM32\WSOCK32.dll
0x00007ffe7f3a0000 - 0x00007ffe7f3aa000 	C:\WINDOWS\SYSTEM32\VERSION.dll
0x00007ffe85310000 - 0x00007ffe85379000 	C:\WINDOWS\system32\WS2_32.dll
0x00007ffe851b0000 - 0x00007ffe851b8000 	C:\WINDOWS\system32\NSI.dll
0x0000000077e90000 - 0x0000000077e9f000 	C:\Program Files\Java\jdk1.8.0_66\jre\bin\verify.dll
0x0000000077e60000 - 0x0000000077e89000 	C:\Program Files\Java\jdk1.8.0_66\jre\bin\java.dll
0x0000000077e40000 - 0x0000000077e56000 	C:\Program Files\Java\jdk1.8.0_66\jre\bin\zip.dll
0x00007ffe85630000 - 0x00007ffe86b52000 	C:\WINDOWS\system32\SHELL32.dll
0x00007ffe836e0000 - 0x00007ffe83d08000 	C:\WINDOWS\system32\windows.storage.dll
0x00007ffe84550000 - 0x00007ffe847cc000 	C:\WINDOWS\system32\combase.dll
0x00007ffe851c0000 - 0x00007ffe85211000 	C:\WINDOWS\system32\shlwapi.dll
0x00007ffe836a0000 - 0x00007ffe836af000 	C:\WINDOWS\system32\kernel.appcore.dll
0x00007ffe840f0000 - 0x00007ffe841a3000 	C:\WINDOWS\system32\shcore.dll
0x00007ffe84270000 - 0x00007ffe842ba000 	C:\WINDOWS\system32\powrprof.dll
0x00007ffe83680000 - 0x00007ffe83693000 	C:\WINDOWS\system32\profapi.dll

VM Arguments:
jvm_args: -Xmx1024M -Dfile.encoding=GBK -Duser.country=CN -Duser.language=zh -Duser.variant 
java_command: com.android.dx.command.Main --dex --num-threads=4 --output C:\Users\Administrator\AndroidStudioProjects\BaoLiao\app\build\intermediates\pre-dexed\debug\internal_impl-23.1.1-4115312eb029b7c51bb373e809c359416963f609.jar C:\Users\Administrator\AndroidStudioProjects\BaoLiao\app\build\intermediates\exploded-aar\com.android.support\support-v4\23.1.1\jars\libs\internal_impl-23.1.1.jar
java_class_path (initial): F:\Android_Studio_SDK\build-tools\23.0.2\lib\dx.jar
Launcher Type: SUN_STANDARD

Environment Variables:
JAVA_HOME=C:\Program Files\Java\jdk1.8.0_66
CLASSPATH=.;C:\Program Files\Java\jdk1.8.0_66\lib\dt.jar;C:\Program Files\Java\jdk1.8.0_66\lib\tools.jar;
PATH=C:\ProgramData\Oracle\Java\javapath;C:\WINDOWS\system32;C:\WINDOWS;C:\WINDOWS\System32\Wbem;C:\WINDOWS\System32\WindowsPowerShell\v1.0\;C:\Program Files\Java\jdk1.8.0_66\bin;C:\Program Files\Java\jdk1.8.0_66\jre\bin;C:\Program Files\TortoiseSVN\bin;C:\Python27;C:\Program Files (x86)\Microsoft SQL Server\90\Tools\binn\;C:\WINDOWS\system32\config\systemprofile\.dnx\bin;C:\Program Files\Microsoft DNX\Dnvm\;C:\ProgramData\Oracle\Java\javapath;C:\WINDOWS\system32;C:\WINDOWS;C:\WINDOWS\System32\Wbem;C:\WINDOWS\System32\WindowsPowerShell\v1.0\;C:\Program Files\Java\jdk1.8.0_66\bin;C:\Program Files\Java\jdk1.8.0_66\jre\bin;C:\Program Files\TortoiseSVN\bin;C:\Python27;C:\Program Files (x86)\Microsoft SQL Server\90\Tools\binn\;C:\Users\Administrator\.dnx\bin;C:\Program Files\Microsoft DNX\Dnvm\
USERNAME=Administrator
OS=Windows_NT
PROCESSOR_IDENTIFIER=Intel64 Family 6 Model 60 Stepping 3, GenuineIntel



---------------  S Y S T E M  ---------------

OS: Windows 10.0 , 64 bit Build 10240 (10.0.10240.16384)

CPU:total 8 (4 cores per cpu, 2 threads per core) family 6 model 60 stepping 3, cmov, cx8, fxsr, mmx, sse, sse2, sse3, ssse3, sse4.1, sse4.2, popcnt, avx, avx2, aes, clmul, erms, lzcnt, ht, tsc, tscinvbit, bmi1, bmi2

Memory: 4k page, physical 8306816k(1843364k free), swap 11452544k(3660k free)

vm_info: Java HotSpot(TM) 64-Bit Server VM (25.66-b17) for windows-amd64 JRE (1.8.0_66-b17), built on Oct  6 2015 18:55:33 by "java_re" with MS VC++ 10.0 (VS2010)

time: Fri Nov 13 17:52:32 2015
elapsed time: 3 seconds (0d 0h 0m 3s)

