#
# There is insufficient memory for the Java Runtime Environment to continue.
# Native memory allocation (malloc) failed to allocate 476176 bytes for Chunk::new
# Possible reasons:
#   The system is out of physical RAM or swap space
#   In 32 bit mode, the process size limit was hit
# Possible solutions:
#   Reduce memory load on the system
#   Increase physical memory or swap space
#   Check if swap backing store is full
#   Use 64 bit Java on a 64 bit OS
#   Decrease Java heap size (-Xmx/-Xms)
#   Decrease number of Java threads
#   Decrease Java thread stack sizes (-Xss)
#   Set larger code cache with -XX:ReservedCodeCacheSize=
# This output file may be truncated or incomplete.
#
#  Out of Memory Error (allocation.cpp:390), pid=13880, tid=18356
#
# JRE version: Java(TM) SE Runtime Environment (8.0_66-b17) (build 1.8.0_66-b17)
# Java VM: Java HotSpot(TM) 64-Bit Server VM (25.66-b17 mixed mode windows-amd64 compressed oops)
# Failed to write core dump. Minidumps are not enabled by default on client versions of Windows
#

---------------  T H R E A D  ---------------

Current thread (0x00000000175fa000):  JavaThread "C2 CompilerThread2" daemon [_thread_in_native, id=18356, stack(0x0000000017d70000,0x0000000017e70000)]

Stack: [0x0000000017d70000,0x0000000017e70000]
[error occurred during error reporting (printing stack bounds), id 0xc0000005]

Native frames: (J=compiled Java code, j=interpreted, Vv=VM code, C=native code)


Current CompileTask:
C2:   3460 1829       4       com.android.dx.ssa.DeadCodeRemover::isCircularNoSideEffect (140 bytes)


---------------  P R O C E S S  ---------------

Java Threads: ( => current thread )
  0x0000000018203800 JavaThread "pool-1-thread-4" [_thread_blocked, id=38532, stack(0x0000000018d70000,0x0000000018e70000)]
  0x0000000018203000 JavaThread "pool-1-thread-3" [_thread_blocked, id=15224, stack(0x0000000018c70000,0x0000000018d70000)]
  0x00000000178a5000 JavaThread "pool-1-thread-2" [_thread_blocked, id=38484, stack(0x0000000018b70000,0x0000000018c70000)]
  0x00000000178bb800 JavaThread "pool-2-thread-1" [_thread_blocked, id=38416, stack(0x0000000018a70000,0x0000000018b70000)]
  0x00000000182bc800 JavaThread "pool-1-thread-1" [_thread_blocked, id=14716, stack(0x0000000018970000,0x0000000018a70000)]
  0x0000000017669000 JavaThread "Service Thread" daemon [_thread_blocked, id=27468, stack(0x0000000017f70000,0x0000000018070000)]
  0x00000000175ff800 JavaThread "C1 CompilerThread3" daemon [_thread_blocked, id=14016, stack(0x0000000017e70000,0x0000000017f70000)]
=>0x00000000175fa000 JavaThread "C2 CompilerThread2" daemon [_thread_in_native, id=18356, stack(0x0000000017d70000,0x0000000017e70000)]
  0x00000000175f8800 JavaThread "C2 CompilerThread1" daemon [_thread_in_native, id=37000, stack(0x0000000017c70000,0x0000000017d70000)]
  0x00000000175f4800 JavaThread "C2 CompilerThread0" daemon [_thread_in_native, id=3404, stack(0x0000000017b70000,0x0000000017c70000)]
  0x00000000175f2800 JavaThread "Attach Listener" daemon [_thread_blocked, id=41040, stack(0x0000000017a70000,0x0000000017b70000)]
  0x000000001549e800 JavaThread "Signal Dispatcher" daemon [_thread_blocked, id=35804, stack(0x0000000017970000,0x0000000017a70000)]
  0x0000000002969000 JavaThread "Finalizer" daemon [_thread_blocked, id=36008, stack(0x0000000017370000,0x0000000017470000)]
  0x0000000002962000 JavaThread "Reference Handler" daemon [_thread_blocked, id=9012, stack(0x0000000017270000,0x0000000017370000)]
  0x000000000276e000 JavaThread "main" [_thread_blocked, id=27304, stack(0x0000000002770000,0x0000000002870000)]

Other Threads:
  0x0000000015489800 VMThread [stack: 0x0000000017170000,0x0000000017270000] [id=14176]
  0x000000001771d000 WatcherThread [stack: 0x0000000018070000,0x0000000018170000] [id=4952]

VM state:not at safepoint (normal execution)

VM Mutex/Monitor currently owned by a thread: None

Heap:
 PSYoungGen      total 71680K, used 31134K [0x00000000eab00000, 0x00000000f3700000, 0x0000000100000000)
  eden space 66560K, 39% used [0x00000000eab00000,0x00000000ec46a0b0,0x00000000eec00000)
  from space 5120K, 99% used [0x00000000eec00000,0x00000000ef0fd8e8,0x00000000ef100000)
  to   space 5120K, 0% used [0x00000000f3200000,0x00000000f3200000,0x00000000f3700000)
 ParOldGen       total 87552K, used 12931K [0x00000000c0000000, 0x00000000c5580000, 0x00000000eab00000)
  object space 87552K, 14% used [0x00000000c0000000,0x00000000c0ca0f40,0x00000000c5580000)
 Metaspace       used 6338K, capacity 7158K, committed 7296K, reserved 1056768K
  class space    used 608K, capacity 622K, committed 640K, reserved 1048576K

Card table byte_map: [0x0000000011d30000,0x0000000011f40000] byte_map_base: 0x0000000011730000

Marking Bits: (ParMarkBitMap*) 0x000000007703a5b0
 Begin Bits: [0x00000000128a0000, 0x00000000138a0000)
 End Bits:   [0x00000000138a0000, 0x00000000148a0000)

Polling page: 0x0000000000c20000

CodeCache: size=245760Kb used=7394Kb max_used=7405Kb free=238365Kb
 bounds [0x0000000002970000, 0x00000000030c0000, 0x0000000011970000]
 total_blobs=2051 nmethods=1780 adapters=184
 compilation: enabled

Compilation events (10 events):
Event: 3.400 Thread 0x00000000175ff800 1876       2       com.android.dx.rop.annotation.Annotation::put (32 bytes)
Event: 3.400 Thread 0x00000000175ff800 nmethod 1876 0x000000000309af90 code [0x000000000309b120, 0x000000000309b428]
Event: 3.402 Thread 0x00000000175fa000 nmethod 1865 0x000000000308f6d0 code [0x000000000308f860, 0x000000000308ffc8]
Event: 3.402 Thread 0x00000000175fa000 1846       4       java.util.TreeMap::getEntry (84 bytes)
Event: 3.415 Thread 0x00000000175fa000 nmethod 1846 0x000000000308e890 code [0x000000000308ea00, 0x000000000308f0d8]
Event: 3.415 Thread 0x00000000175fa000 1877       4       com.android.dx.ssa.SsaMethod::indexListFromLabelList (47 bytes)
Event: 3.427 Thread 0x00000000175fa000 nmethod 1877 0x000000000308d990 code [0x000000000308db00, 0x000000000308e2b8]
Event: 3.427 Thread 0x00000000175fa000 1834       4       com.android.dx.rop.code.BasicBlockList::forEachInsn (39 bytes)
Event: 3.430 Thread 0x00000000175fa000 nmethod 1834 0x000000000308b790 code [0x000000000308b8e0, 0x000000000308bb98]
Event: 3.431 Thread 0x00000000175fa000 1829       4       com.android.dx.ssa.DeadCodeRemover::isCircularNoSideEffect (140 bytes)

GC Heap History (6 events):
Event: 0.887 GC heap before
{Heap before GC invocations=1 (full 0):
 PSYoungGen      total 38400K, used 33280K [0x00000000eab00000, 0x00000000ed580000, 0x0000000100000000)
  eden space 33280K, 100% used [0x00000000eab00000,0x00000000ecb80000,0x00000000ecb80000)
  from space 5120K, 0% used [0x00000000ed080000,0x00000000ed080000,0x00000000ed580000)
  to   space 5120K, 0% used [0x00000000ecb80000,0x00000000ecb80000,0x00000000ed080000)
 ParOldGen       total 87552K, used 0K [0x00000000c0000000, 0x00000000c5580000, 0x00000000eab00000)
  object space 87552K, 0% used [0x00000000c0000000,0x00000000c0000000,0x00000000c5580000)
 Metaspace       used 5876K, capacity 6772K, committed 7040K, reserved 1056768K
  class space    used 605K, capacity 620K, committed 640K, reserved 1048576K
Event: 0.936 GC heap after
Heap after GC invocations=1 (full 0):
 PSYoungGen      total 38400K, used 5105K [0x00000000eab00000, 0x00000000ef600000, 0x0000000100000000)
  eden space 33280K, 0% used [0x00000000eab00000,0x00000000eab00000,0x00000000ecb80000)
  from space 5120K, 99% used [0x00000000ecb80000,0x00000000ed07c7f8,0x00000000ed080000)
  to   space 5120K, 0% used [0x00000000ef100000,0x00000000ef100000,0x00000000ef600000)
 ParOldGen       total 87552K, used 163K [0x00000000c0000000, 0x00000000c5580000, 0x00000000eab00000)
  object space 87552K, 0% used [0x00000000c0000000,0x00000000c0028db0,0x00000000c5580000)
 Metaspace       used 5876K, capacity 6772K, committed 7040K, reserved 1056768K
  class space    used 605K, capacity 620K, committed 640K, reserved 1048576K
}
Event: 1.563 GC heap before
{Heap before GC invocations=2 (full 0):
 PSYoungGen      total 38400K, used 38385K [0x00000000eab00000, 0x00000000ef600000, 0x0000000100000000)
  eden space 33280K, 100% used [0x00000000eab00000,0x00000000ecb80000,0x00000000ecb80000)
  from space 5120K, 99% used [0x00000000ecb80000,0x00000000ed07c7f8,0x00000000ed080000)
  to   space 5120K, 0% used [0x00000000ef100000,0x00000000ef100000,0x00000000ef600000)
 ParOldGen       total 87552K, used 163K [0x00000000c0000000, 0x00000000c5580000, 0x00000000eab00000)
  object space 87552K, 0% used [0x00000000c0000000,0x00000000c0028db0,0x00000000c5580000)
 Metaspace       used 6139K, capacity 6966K, committed 7040K, reserved 1056768K
  class space    used 607K, capacity 622K, committed 640K, reserved 1048576K
Event: 1.781 GC heap after
Heap after GC invocations=2 (full 0):
 PSYoungGen      total 71680K, used 5091K [0x00000000eab00000, 0x00000000ef600000, 0x0000000100000000)
  eden space 66560K, 0% used [0x00000000eab00000,0x00000000eab00000,0x00000000eec00000)
  from space 5120K, 99% used [0x00000000ef100000,0x00000000ef5f8f90,0x00000000ef600000)
  to   space 5120K, 0% used [0x00000000eec00000,0x00000000eec00000,0x00000000ef100000)
 ParOldGen       total 87552K, used 3417K [0x00000000c0000000, 0x00000000c5580000, 0x00000000eab00000)
  object space 87552K, 3% used [0x00000000c0000000,0x00000000c03565c8,0x00000000c5580000)
 Metaspace       used 6139K, capacity 6966K, committed 7040K, reserved 1056768K
  class space    used 607K, capacity 622K, committed 640K, reserved 1048576K
}
Event: 2.646 GC heap before
{Heap before GC invocations=3 (full 0):
 PSYoungGen      total 71680K, used 71651K [0x00000000eab00000, 0x00000000ef600000, 0x0000000100000000)
  eden space 66560K, 100% used [0x00000000eab00000,0x00000000eec00000,0x00000000eec00000)
  from space 5120K, 99% used [0x00000000ef100000,0x00000000ef5f8f90,0x00000000ef600000)
  to   space 5120K, 0% used [0x00000000eec00000,0x00000000eec00000,0x00000000ef100000)
 ParOldGen       total 87552K, used 3417K [0x00000000c0000000, 0x00000000c5580000, 0x00000000eab00000)
  object space 87552K, 3% used [0x00000000c0000000,0x00000000c03565c8,0x00000000c5580000)
 Metaspace       used 6307K, capacity 7158K, committed 7296K, reserved 1056768K
  class space    used 608K, capacity 622K, committed 640K, reserved 1048576K
Event: 2.817 GC heap after
Heap after GC invocations=3 (full 0):
 PSYoungGen      total 71680K, used 5110K [0x00000000eab00000, 0x00000000f3700000, 0x0000000100000000)
  eden space 66560K, 0% used [0x00000000eab00000,0x00000000eab00000,0x00000000eec00000)
  from space 5120K, 99% used [0x00000000eec00000,0x00000000ef0fd8e8,0x00000000ef100000)
  to   space 5120K, 0% used [0x00000000f3200000,0x00000000f3200000,0x00000000f3700000)
 ParOldGen       total 87552K, used 12931K [0x00000000c0000000, 0x00000000c5580000, 0x00000000eab00000)
  object space 87552K, 14% used [0x00000000c0000000,0x00000000c0ca0f40,0x00000000c5580000)
 Metaspace       used 6307K, capacity 7158K, committed 7296K, reserved 1056768K
  class space    used 608K, capacity 622K, committed 640K, reserved 1048576K
}

Deoptimization events (10 events):
Event: 2.171 Thread 0x0000000018203000 Uncommon trap: reason=bimorphic action=maybe_recompile pc=0x0000000002c735d8 method=java.util.HashMap.getNode(ILjava/lang/Object;)Ljava/util/HashMap$Node; @ 126
Event: 2.171 Thread 0x0000000018203000 Uncommon trap: reason=bimorphic action=maybe_recompile pc=0x0000000002c735d8 method=java.util.HashMap.getNode(ILjava/lang/Object;)Ljava/util/HashMap$Node; @ 126
Event: 2.171 Thread 0x0000000018203000 Uncommon trap: reason=class_check action=maybe_recompile pc=0x0000000002cbd104 method=java.util.HashMap.putVal(ILjava/lang/Object;Ljava/lang/Object;ZZ)Ljava/lang/Object; @ 203
Event: 2.221 Thread 0x0000000018203800 Uncommon trap: reason=unstable_if action=reinterpret pc=0x0000000002e9ee54 method=com.android.dx.ssa.SCCP.simulateBranch(Lcom/android/dx/ssa/SsaInsn;)V @ 64
Event: 2.222 Thread 0x0000000018203800 Uncommon trap: reason=unstable_if action=reinterpret pc=0x0000000002ead96c method=com.android.dx.ssa.LiteralOpUpgrader$1.visitNonMoveInsn(Lcom/android/dx/ssa/NormalSsaInsn;)V @ 55
Event: 2.222 Thread 0x0000000018203800 Uncommon trap: reason=unstable_if action=reinterpret pc=0x0000000002c8255c method=com.android.dx.ssa.SsaMethod.updateOneDefinition(Lcom/android/dx/ssa/SsaInsn;Lcom/android/dx/rop/code/RegisterSpec;)V @ 4
Event: 2.265 Thread 0x0000000018203000 Uncommon trap: reason=unstable_if action=reinterpret pc=0x0000000002f10cd8 method=com.android.dx.ssa.SsaRenamer$BlockRenamer.visitMoveInsn(Lcom/android/dx/ssa/NormalSsaInsn;)V @ 104
Event: 2.555 Thread 0x00000000182bc800 Uncommon trap: reason=unstable_if action=reinterpret pc=0x0000000002cfb0fc method=com.android.dx.util.IntList.binarysearch(I)I @ 105
Event: 2.872 Thread 0x00000000182bc800 Uncommon trap: reason=bimorphic action=maybe_recompile pc=0x0000000003014054 method=com.android.dx.cf.code.BytecodeArray.parseInstruction(ILcom/android/dx/cf/code/BytecodeArray$Visitor;)I @ 1501
Event: 2.873 Thread 0x00000000182bc800 Uncommon trap: reason=bimorphic action=maybe_recompile pc=0x0000000003014054 method=com.android.dx.cf.code.BytecodeArray.parseInstruction(ILcom/android/dx/cf/code/BytecodeArray$Visitor;)I @ 1501

Internal exceptions (2 events):
Event: 0.047 Thread 0x000000000276e000 Exception <a 'java/lang/NoSuchMethodError': Method sun.misc.Unsafe.defineClass(Ljava/lang/String;[BII)Ljava/lang/Class; name or signature does not match> (0x00000000eab130a8) thrown at [C:\re\workspace\8-2-build-windows-amd64-cygwin\jdk8u66\4988\hotspot\srœ&£v8;¨?
Event: 0.047 Thread 0x000000000276e000 Exception <a 'java/lang/NoSuchMethodError': Method sun.misc.Unsafe.prefetchRead(Ljava/lang/Object;J)V name or signature does not match> (0x00000000eab13390) thrown at [C:\re\workspace\8-2-build-windows-amd64-cygwin\jdk8u66\4988\hotspot\src\share\vm\prims\j

Events (10 events):
Event: 2.555 Thread 0x00000000182bc800 DEOPT PACKING pc=0x0000000002cfb0fc sp=0x0000000018a6ea60
Event: 2.555 Thread 0x00000000182bc800 DEOPT UNPACKING pc=0x00000000029b582a sp=0x0000000018a6e9d8 mode 2
Event: 2.644 Executing VM operation: ParallelGCFailedAllocation
Event: 2.817 Executing VM operation: ParallelGCFailedAllocation done
Event: 2.872 Thread 0x00000000182bc800 Uncommon trap: trap_request=0xffffffc6 fr.pc=0x0000000003014054
Event: 2.872 Thread 0x00000000182bc800 DEOPT PACKING pc=0x0000000003014054 sp=0x0000000018a6e9e0
Event: 2.872 Thread 0x00000000182bc800 DEOPT UNPACKING pc=0x00000000029b582a sp=0x0000000018a6e970 mode 2
Event: 2.873 Thread 0x00000000182bc800 Uncommon trap: trap_request=0xffffffc6 fr.pc=0x0000000003014054
Event: 2.873 Thread 0x00000000182bc800 DEOPT PACKING pc=0x0000000003014054 sp=0x0000000018a6e830
Event: 2.873 Thread 0x00000000182bc800 DEOPT UNPACKING pc=0x00000000029b582a sp=0x0000000018a6e7c0 mode 2


Dynamic libraries:
0x00007ff6178b0000 - 0x00007ff6178e7000 	C:\Program Files\Java\jdk1.8.0_66\bin\java.exe
0x00007ffe86e60000 - 0x00007ffe87021000 	C:\WINDOWS\SYSTEM32\ntdll.dll
0x00007ffe85380000 - 0x00007ffe8542d000 	C:\WINDOWS\system32\KERNEL32.DLL
0x00007ffe83f10000 - 0x00007ffe840ed000 	C:\WINDOWS\system32\KERNELBASE.dll
0x00007ffe844a0000 - 0x00007ffe84546000 	C:\WINDOWS\system32\ADVAPI32.dll
0x00007ffe86d50000 - 0x00007ffe86ded000 	C:\WINDOWS\system32\msvcrt.dll
0x00007ffe854d0000 - 0x00007ffe8552b000 	C:\WINDOWS\system32\sechost.dll
0x00007ffe84370000 - 0x00007ffe84496000 	C:\WINDOWS\system32\RPCRT4.dll
0x00007ffe84cb0000 - 0x00007ffe84dfe000 	C:\WINDOWS\system32\USER32.dll
0x00007ffe84ec0000 - 0x00007ffe85046000 	C:\WINDOWS\system32\GDI32.dll
0x00007ffe7f120000 - 0x00007ffe7f394000 	C:\WINDOWS\WinSxS\amd64_microsoft.windows.common-controls_6595b64144ccf1df_6.0.10240.16384_none_f41f7b285750ef43\COMCTL32.dll
0x00007ffe85050000 - 0x00007ffe85086000 	C:\WINDOWS\system32\IMM32.DLL
0x00007ffe84980000 - 0x00007ffe84adc000 	C:\WINDOWS\system32\MSCTF.dll
0x00000000765f0000 - 0x00000000766c2000 	C:\Program Files\Java\jdk1.8.0_66\jre\bin\msvcr100.dll
0x0000000076830000 - 0x00000000770b9000 	C:\Program Files\Java\jdk1.8.0_66\jre\bin\server\jvm.dll
0x00007ffe83ee0000 - 0x00007ffe83f03000 	C:\WINDOWS\system32\WINMM.dll
0x00007ffe836b0000 - 0x00007ffe836dc000 	C:\WINDOWS\system32\WINMMBASE.dll
0x00007ffe84320000 - 0x00007ffe84364000 	C:\WINDOWS\system32\cfgmgr32.dll
0x00007ffe808b0000 - 0x00007ffe808b9000 	C:\WINDOWS\SYSTEM32\WSOCK32.dll
0x00007ffe83630000 - 0x00007ffe83657000 	C:\WINDOWS\system32\DEVOBJ.dll
0x00007ffe85310000 - 0x00007ffe85379000 	C:\WINDOWS\system32\WS2_32.dll
0x00007ffe84e00000 - 0x00007ffe84e08000 	C:\WINDOWS\system32\PSAPI.DLL
0x00007ffe851b0000 - 0x00007ffe851b8000 	C:\WINDOWS\system32\NSI.dll
0x00007ffe7f3a0000 - 0x00007ffe7f3aa000 	C:\WINDOWS\SYSTEM32\VERSION.dll
0x0000000077e90000 - 0x0000000077e9f000 	C:\Program Files\Java\jdk1.8.0_66\jre\bin\verify.dll
0x0000000077e60000 - 0x0000000077e89000 	C:\Program Files\Java\jdk1.8.0_66\jre\bin\java.dll
0x0000000077e40000 - 0x0000000077e56000 	C:\Program Files\Java\jdk1.8.0_66\jre\bin\zip.dll
0x00007ffe85630000 - 0x00007ffe86b52000 	C:\WINDOWS\system32\SHELL32.dll
0x00007ffe836e0000 - 0x00007ffe83d08000 	C:\WINDOWS\system32\windows.storage.dll
0x00007ffe84550000 - 0x00007ffe847cc000 	C:\WINDOWS\system32\combase.dll
0x00007ffe851c0000 - 0x00007ffe85211000 	C:\WINDOWS\system32\shlwapi.dll
0x00007ffe836a0000 - 0x00007ffe836af000 	C:\WINDOWS\system32\kernel.appcore.dll
0x00007ffe840f0000 - 0x00007ffe841a3000 	C:\WINDOWS\system32\shcore.dll
0x00007ffe84270000 - 0x00007ffe842ba000 	C:\WINDOWS\system32\powrprof.dll
0x00007ffe83680000 - 0x00007ffe83693000 	C:\WINDOWS\system32\profapi.dll

VM Arguments:
jvm_args: -Xmx1024M -Dfile.encoding=GBK -Duser.country=CN -Duser.language=zh -Duser.variant 
java_command: com.android.dx.command.Main --dex --num-threads=4 --output C:\Users\Administrator\AndroidStudioProjects\BaoLiao\app\build\intermediates\pre-dexed\debug\classes-d07f84784c83ec9bcf605fe9348860f2c19dfa97.jar C:\Users\Administrator\AndroidStudioProjects\BaoLiao\app\build\intermediates\exploded-aar\com.android.support\support-v4\23.1.1\jars\classes.jar
java_class_path (initial): F:\Android_Studio_SDK\build-tools\23.0.2\lib\dx.jar
Launcher Type: SUN_STANDARD

Environment Variables:
JAVA_HOME=C:\Program Files\Java\jdk1.8.0_66
CLASSPATH=.;C:\Program Files\Java\jdk1.8.0_66\lib\dt.jar;C:\Program Files\Java\jdk1.8.0_66\lib\tools.jar;
PATH=C:\ProgramData\Oracle\Java\javapath;C:\WINDOWS\system32;C:\WINDOWS;C:\WINDOWS\System32\Wbem;C:\WINDOWS\System32\WindowsPowerShell\v1.0\;C:\Program Files\Java\jdk1.8.0_66\bin;C:\Program Files\Java\jdk1.8.0_66\jre\bin;C:\Program Files\TortoiseSVN\bin;C:\Python27;C:\Program Files (x86)\Microsoft SQL Server\90\Tools\binn\;C:\WINDOWS\system32\config\systemprofile\.dnx\bin;C:\Program Files\Microsoft DNX\Dnvm\;C:\ProgramData\Oracle\Java\javapath;C:\WINDOWS\system32;C:\WINDOWS;C:\WINDOWS\System32\Wbem;C:\WINDOWS\System32\WindowsPowerShell\v1.0\;C:\Program Files\Java\jdk1.8.0_66\bin;C:\Program Files\Java\jdk1.8.0_66\jre\bin;C:\Program Files\TortoiseSVN\bin;C:\Python27;C:\Program Files (x86)\Microsoft SQL Server\90\Tools\binn\;C:\Users\Administrator\.dnx\bin;C:\Program Files\Microsoft DNX\Dnvm\
USERNAME=Administrator
OS=Windows_NT
PROCESSOR_IDENTIFIER=Intel64 Family 6 Model 60 Stepping 3, GenuineIntel



---------------  S Y S T E M  ---------------

OS: Windows 10.0 , 64 bit Build 10240 (10.0.10240.16384)

CPU:total 8 (4 cores per cpu, 2 threads per core) family 6 model 60 stepping 3, cmov, cx8, fxsr, mmx, sse, sse2, sse3, ssse3, sse4.1, sse4.2, popcnt, avx, avx2, aes, clmul, erms, lzcnt, ht, tsc, tscinvbit, bmi1, bmi2

Memory: 4k page, physical 8306816k(1856956k free), swap 11452544k(7748k free)

vm_info: Java HotSpot(TM) 64-Bit Server VM (25.66-b17) for windows-amd64 JRE (1.8.0_66-b17), built on Oct  6 2015 18:55:33 by "java_re" with MS VC++ 10.0 (VS2010)

time: Fri Nov 13 17:52:32 2015
elapsed time: 3 seconds (0d 0h 0m 3s)

